[    0.000000] Linux version 4.15.0-154-generic (buildd@lcy01-amd64-011) (gcc version 7.5.0 (Ubuntu 7.5.0-3ubuntu1~18.04)) #161-Ubuntu SMP Fri Jul 30 13:04:17 UTC 2021 (Ubuntu 4.15.0-154.161-generic 4.15.18)
[    0.000000] Command line: BOOT_IMAGE=/boot/vmlinuz-4.15.0-154-generic root=UUID=1735f885-36e1-4ad8-bba8-54c81ae77c51 ro console=tty1 console=ttyS0
[    0.000000] KERNEL supported cpus:
[    0.000000]   Intel GenuineIntel
[    0.000000]   AMD AuthenticAMD
[    0.000000]   Centaur CentaurHauls
[    0.000000] x86/fpu: Supporting XSAVE feature 0x001: 'x87 floating point registers'
[    0.000000] x86/fpu: Supporting XSAVE feature 0x002: 'SSE registers'
[    0.000000] x86/fpu: Supporting XSAVE feature 0x004: 'AVX registers'
[    0.000000] x86/fpu: xstate_offset[2]:  576, xstate_sizes[2]:  256
[    0.000000] x86/fpu: Enabled xstate features 0x7, context size is 832 bytes, using 'standard' format.
[    0.000000] e820: BIOS-provided physical RAM map:
[    0.000000] BIOS-e820: [mem 0x0000000000000000-0x000000000009fbff] usable
[    0.000000] BIOS-e820: [mem 0x000000000009fc00-0x000000000009ffff] reserved
[    0.000000] BIOS-e820: [mem 0x00000000000f0000-0x00000000000fffff] reserved
[    0.000000] BIOS-e820: [mem 0x0000000000100000-0x000000003ffeffff] usable
[    0.000000] BIOS-e820: [mem 0x000000003fff0000-0x000000003fffffff] ACPI data
[    0.000000] BIOS-e820: [mem 0x00000000fec00000-0x00000000fec00fff] reserved
[    0.000000] BIOS-e820: [mem 0x00000000fee00000-0x00000000fee00fff] reserved
[    0.000000] BIOS-e820: [mem 0x00000000fffc0000-0x00000000ffffffff] reserved
[    0.000000] NX (Execute Disable) protection: active
[    0.000000] SMBIOS 2.5 present.
[    0.000000] DMI: innotek GmbH VirtualBox/VirtualBox, BIOS VirtualBox 12/01/2006
[    0.000000] Hypervisor detected: KVM
[    0.000000] e820: last_pfn = 0x3fff0 max_arch_pfn = 0x400000000
[    0.000000] MTRR: Disabled
[    0.000000] x86/PAT: MTRRs disabled, skipping PAT initialization too.
[    0.000000] CPU MTRRs all blank - virtualized system.
[    0.000000] x86/PAT: Configuration [0-7]: WB  WT  UC- UC  WB  WT  UC- UC  
[    0.000000] found SMP MP-table at [mem 0x0009fff0-0x0009ffff]
[    0.000000] Scanning 1 areas for low memory corruption
[    0.000000] RAMDISK: [mem 0x3581d000-0x36c05fff]
[    0.000000] ACPI: Early table checksum verification disabled
[    0.000000] ACPI: RSDP 0x00000000000E0000 000024 (v02 VBOX  )
[    0.000000] ACPI: XSDT 0x000000003FFF0030 00003C (v01 VBOX   VBOXXSDT 00000001 ASL  00000061)
[    0.000000] ACPI: FACP 0x000000003FFF00F0 0000F4 (v04 VBOX   VBOXFACP 00000001 ASL  00000061)
[    0.000000] ACPI: DSDT 0x000000003FFF0470 002325 (v02 VBOX   VBOXBIOS 00000002 INTL 20100528)
[    0.000000] ACPI: FACS 0x000000003FFF0200 000040
[    0.000000] ACPI: FACS 0x000000003FFF0200 000040
[    0.000000] ACPI: APIC 0x000000003FFF0240 00005C (v02 VBOX   VBOXAPIC 00000001 ASL  00000061)
[    0.000000] ACPI: SSDT 0x000000003FFF02A0 0001CC (v01 VBOX   VBOXCPUT 00000002 INTL 20100528)
[    0.000000] ACPI: Reserving FACP table memory at [mem 0x3fff00f0-0x3fff01e3]
[    0.000000] ACPI: Reserving DSDT table memory at [mem 0x3fff0470-0x3fff2794]
[    0.000000] ACPI: Reserving FACS table memory at [mem 0x3fff0200-0x3fff023f]
[    0.000000] ACPI: Reserving FACS table memory at [mem 0x3fff0200-0x3fff023f]
[    0.000000] ACPI: Reserving APIC table memory at [mem 0x3fff0240-0x3fff029b]
[    0.000000] ACPI: Reserving SSDT table memory at [mem 0x3fff02a0-0x3fff046b]
[    0.000000] No NUMA configuration found
[    0.000000] Faking a node at [mem 0x0000000000000000-0x000000003ffeffff]
[    0.000000] NODE_DATA(0) allocated [mem 0x3ffc5000-0x3ffeffff]
[    0.000000] kvm-clock: cpu 0, msr 0:3ff44001, primary cpu clock
[    0.000000] kvm-clock: Using msrs 4b564d01 and 4b564d00
[    0.000000] kvm-clock: using sched offset of 4781664351 cycles
[    0.000000] clocksource: kvm-clock: mask: 0xffffffffffffffff max_cycles: 0x1cd42e4dffb, max_idle_ns: 881590591483 ns
[    0.000000] Zone ranges:
[    0.000000]   DMA      [mem 0x0000000000001000-0x0000000000ffffff]
[    0.000000]   DMA32    [mem 0x0000000001000000-0x000000003ffeffff]
[    0.000000]   Normal   empty
[    0.000000]   Device   empty
[    0.000000] Movable zone start for each node
[    0.000000] Early memory node ranges
[    0.000000]   node   0: [mem 0x0000000000001000-0x000000000009efff]
[    0.000000]   node   0: [mem 0x0000000000100000-0x000000003ffeffff]
[    0.000000] Reserved but unavailable: 104 pages
[    0.000000] Initmem setup node 0 [mem 0x0000000000001000-0x000000003ffeffff]
[    0.000000] ACPI: PM-Timer IO Port: 0x4008
[    0.000000] IOAPIC[0]: apic_id 2, version 32, address 0xfec00000, GSI 0-23
[    0.000000] ACPI: INT_SRC_OVR (bus 0 bus_irq 0 global_irq 2 dfl dfl)
[    0.000000] ACPI: INT_SRC_OVR (bus 0 bus_irq 9 global_irq 9 low level)
[    0.000000] Using ACPI (MADT) for SMP configuration information
[    0.000000] smpboot: Allowing 2 CPUs, 0 hotplug CPUs
[    0.000000] PM: Registered nosave memory: [mem 0x00000000-0x00000fff]
[    0.000000] PM: Registered nosave memory: [mem 0x0009f000-0x0009ffff]
[    0.000000] PM: Registered nosave memory: [mem 0x000a0000-0x000effff]
[    0.000000] PM: Registered nosave memory: [mem 0x000f0000-0x000fffff]
[    0.000000] e820: [mem 0x40000000-0xfebfffff] available for PCI devices
[    0.000000] Booting paravirtualized kernel on KVM
[    0.000000] clocksource: refined-jiffies: mask: 0xffffffff max_cycles: 0xffffffff, max_idle_ns: 7645519600211568 ns
[    0.000000] random: get_random_bytes called from start_kernel+0x99/0x500 with crng_init=0
[    0.000000] setup_percpu: NR_CPUS:8192 nr_cpumask_bits:2 nr_cpu_ids:2 nr_node_ids:1
[    0.000000] percpu: Embedded 45 pages/cpu s147456 r8192 d28672 u1048576
[    0.000000] PV qspinlock hash table entries: 256 (order: 0, 4096 bytes)
[    0.000000] Built 1 zonelists, mobility grouping on.  Total pages: 257913
[    0.000000] Policy zone: DMA32
[    0.000000] Kernel command line: BOOT_IMAGE=/boot/vmlinuz-4.15.0-154-generic root=UUID=1735f885-36e1-4ad8-bba8-54c81ae77c51 ro console=tty1 console=ttyS0
[    0.000000] Memory: 981848K/1048120K available (12300K kernel code, 2483K rwdata, 4320K rodata, 2448K init, 2724K bss, 66272K reserved, 0K cma-reserved)
[    0.000000] SLUB: HWalign=64, Order=0-3, MinObjects=0, CPUs=2, Nodes=1
[    0.000000] Kernel/User page tables isolation: enabled
[    0.000000] ftrace: allocating 39461 entries in 155 pages
[    0.004000] Hierarchical RCU implementation.
[    0.004000] 	RCU restricting CPUs from NR_CPUS=8192 to nr_cpu_ids=2.
[    0.004000] 	Tasks RCU enabled.
[    0.004000] RCU: Adjusting geometry for rcu_fanout_leaf=16, nr_cpu_ids=2
[    0.004000] NR_IRQS: 524544, nr_irqs: 440, preallocated irqs: 16
[    0.004000] Console: colour VGA+ 80x25
[    0.004000] console [tty1] enabled
[    0.004000] console [ttyS0] enabled
[    0.004000] ACPI: Core revision 20170831
[    0.004000] ACPI: 2 ACPI AML tables successfully acquired and loaded
[    0.004000] APIC: Switch to symmetric I/O mode setup
[    0.004000] x2apic enabled
[    0.004012] Switched APIC routing to physical x2apic.
[    0.008000] ..TIMER: vector=0x30 apic1=0 pin1=2 apic2=-1 pin2=-1
[    0.008007] tsc: Detected 3292.518 MHz processor
[    0.010044] Calibrating delay loop (skipped) preset value.. 6585.03 BogoMIPS (lpj=13170072)
[    0.012006] pid_max: default: 32768 minimum: 301
[    0.016076] Security Framework initialized
[    0.017899] Yama: becoming mindful.
[    0.020042] AppArmor: AppArmor initialized
[    0.024075] Dentry cache hash table entries: 131072 (order: 8, 1048576 bytes)
[    0.028133] Inode-cache hash table entries: 65536 (order: 7, 524288 bytes)
[    0.031041] Mount-cache hash table entries: 2048 (order: 2, 16384 bytes)
[    0.032014] Mountpoint-cache hash table entries: 2048 (order: 2, 16384 bytes)
[    0.036219] Last level iTLB entries: 4KB 512, 2MB 8, 4MB 8
[    0.038014] Last level dTLB entries: 4KB 512, 2MB 32, 4MB 32, 1GB 0
[    0.040005] Spectre V1 : Mitigation: usercopy/swapgs barriers and __user pointer sanitization
[    0.044006] Spectre V2 : Mitigation: Full generic retpoline
[    0.046037] Spectre V2 : Spectre v2 / SpectreRSB mitigation: Filling RSB on context switch
[    0.048004] Speculative Store Bypass: Vulnerable
[    0.049938] MDS: Mitigation: Clear CPU buffers
[    0.052411] Freeing SMP alternatives memory: 36K
[    0.167476] smpboot: CPU0: Intel(R) Core(TM) i3-3220 CPU @ 3.30GHz (family: 0x6, model: 0x3a, stepping: 0x9)
[    0.168000] Performance Events: unsupported p6 CPU model 58 no PMU driver, software events only.
[    0.168072] Hierarchical SRCU implementation.
[    0.172561] NMI watchdog: Perf event create on CPU 0 failed with -2
[    0.174526] NMI watchdog: Perf NMI watchdog permanently disabled
[    0.176000] smp: Bringing up secondary CPUs ...
[    0.176158] x86: Booting SMP configuration:
[    0.177561] .... node  #0, CPUs:      #1
[    0.004000] kvm-clock: cpu 1, msr 0:3ff44041, secondary cpu clock
[    0.184032] smp: Brought up 1 node, 2 CPUs
[    0.185505] smpboot: Max logical packages: 1
[    0.187058] smpboot: Total of 2 processors activated (13170.07 BogoMIPS)
[    0.188202] devtmpfs: initialized
[    0.189282] x86/mm: Memory block size: 128MB
[    0.192400] evm: security.selinux
[    0.193777] evm: security.SMACK64
[    0.195291] evm: security.SMACK64EXEC
[    0.196006] evm: security.SMACK64TRANSMUTE
[    0.200003] evm: security.SMACK64MMAP
[    0.201699] evm: security.apparmor
[    0.202886] evm: security.ima
[    0.203955] evm: security.capability
[    0.204118] clocksource: jiffies: mask: 0xffffffff max_cycles: 0xffffffff, max_idle_ns: 7645041785100000 ns
[    0.208019] futex hash table entries: 512 (order: 3, 32768 bytes)
[    0.210022] pinctrl core: initialized pinctrl subsystem
[    0.212200] RTC time: 13:52:39, date: 08/31/21
[    0.216136] NET: Registered protocol family 16
[    0.217879] audit: initializing netlink subsys (disabled)
[    0.219698] audit: type=2000 audit(1630417965.737:1): state=initialized audit_enabled=0 res=1
[    0.220016] cpuidle: using governor ladder
[    0.224011] cpuidle: using governor menu
[    0.225474] ACPI: bus type PCI registered
[    0.226931] acpiphp: ACPI Hot Plug PCI Controller Driver version: 0.5
[    0.228181] PCI: Using configuration type 1 for base access
[    0.233079] HugeTLB registered 2.00 MiB page size, pre-allocated 0 pages
[    0.234180] ACPI: Added _OSI(Module Device)
[    0.236007] ACPI: Added _OSI(Processor Device)
[    0.237476] ACPI: Added _OSI(3.0 _SCP Extensions)
[    0.240008] ACPI: Added _OSI(Processor Aggregator Device)
[    0.242013] ACPI: Added _OSI(Linux-Dell-Video)
[    0.244004] ACPI: Added _OSI(Linux-Lenovo-NV-HDMI-Audio)
[    0.246231] ACPI: Added _OSI(Linux-HPI-Hybrid-Graphics)
[    0.248682] ACPI: Executed 1 blocks of module-level executable AML code
[    0.264863] ACPI: Interpreter enabled
[    0.266301] ACPI: (supports S0 S5)
[    0.267489] ACPI: Using IOAPIC for interrupt routing
[    0.269065] PCI: Using host bridge windows from ACPI; if necessary, use "pci=nocrs" and report a bug
[    0.272616] ACPI: Enabled 2 GPEs in block 00 to 07
[    0.309106] ACPI: PCI Root Bridge [PCI0] (domain 0000 [bus 00-ff])
[    0.312000] acpi PNP0A03:00: _OSC: OS supports [ASPM ClockPM Segments MSI]
[    0.316831] acpi PNP0A03:00: _OSC: not requesting OS control; OS requires [ExtendedConfig ASPM ClockPM MSI]
[    0.320037] acpi PNP0A03:00: fail to add MMCONFIG information, can't access extended PCI configuration space under this bridge.
[    0.325118] PCI host bridge to bus 0000:00
[    0.328008] pci_bus 0000:00: root bus resource [io  0x0000-0x0cf7 window]
[    0.330558] pci_bus 0000:00: root bus resource [io  0x0d00-0xffff window]
[    0.332008] pci_bus 0000:00: root bus resource [mem 0x000a0000-0x000bffff window]
[    0.334988] pci_bus 0000:00: root bus resource [mem 0x40000000-0xfdffffff window]
[    0.336013] pci_bus 0000:00: root bus resource [bus 00-ff]
[    0.344761] pci 0000:00:01.1: legacy IDE quirk: reg 0x10: [io  0x01f0-0x01f7]
[    0.347471] pci 0000:00:01.1: legacy IDE quirk: reg 0x14: [io  0x03f6]
[    0.348012] pci 0000:00:01.1: legacy IDE quirk: reg 0x18: [io  0x0170-0x0177]
[    0.352007] pci 0000:00:01.1: legacy IDE quirk: reg 0x1c: [io  0x0376]
[    0.380913] pci 0000:00:07.0: quirk: [io  0x4000-0x403f] claimed by PIIX4 ACPI
[    0.384025] pci 0000:00:07.0: quirk: [io  0x4100-0x410f] claimed by PIIX4 SMB
[    0.399425] ACPI: PCI Interrupt Link [LNKA] (IRQs 5 9 10 *11)
[    0.401257] ACPI: PCI Interrupt Link [LNKB] (IRQs 5 9 *10 11)
[    0.404371] ACPI: PCI Interrupt Link [LNKC] (IRQs 5 *9 10 11)
[    0.408286] ACPI: PCI Interrupt Link [LNKD] (IRQs 5 9 10 *11)
[    0.411503] SCSI subsystem initialized
[    0.412110] pci 0000:00:02.0: vgaarb: setting as boot VGA device
[    0.414381] pci 0000:00:02.0: vgaarb: VGA device added: decodes=io+mem,owns=io+mem,locks=none
[    0.416011] pci 0000:00:02.0: vgaarb: bridge control possible
[    0.418186] vgaarb: loaded
[    0.420069] ACPI: bus type USB registered
[    0.421723] usbcore: registered new interface driver usbfs
[    0.424022] usbcore: registered new interface driver hub
[    0.426483] usbcore: registered new device driver usb
[    0.428125] EDAC MC: Ver: 3.0.0
[    0.432347] PCI: Using ACPI for IRQ routing
[    0.433969] NetLabel: Initializing
[    0.435177] NetLabel:  domain hash size = 128
[    0.436006] NetLabel:  protocols = UNLABELED CIPSOv4 CALIPSO
[    0.438443] NetLabel:  unlabeled traffic allowed by default
[    0.440102] clocksource: Switched to clocksource kvm-clock
[    0.476229] VFS: Disk quotas dquot_6.6.0
[    0.478207] VFS: Dquot-cache hash table entries: 512 (order 0, 4096 bytes)
[    0.481373] AppArmor: AppArmor Filesystem Enabled
[    0.483587] pnp: PnP ACPI init
[    0.488232] pnp: PnP ACPI: found 3 devices
[    0.500102] clocksource: acpi_pm: mask: 0xffffff max_cycles: 0xffffff, max_idle_ns: 2085701024 ns
[    0.504157] NET: Registered protocol family 2
[    0.506447] TCP established hash table entries: 8192 (order: 4, 65536 bytes)
[    0.509494] TCP bind hash table entries: 8192 (order: 5, 131072 bytes)
[    0.513851] TCP: Hash tables configured (established 8192 bind 8192)
[    0.516257] UDP hash table entries: 512 (order: 2, 16384 bytes)
[    0.518561] UDP-Lite hash table entries: 512 (order: 2, 16384 bytes)
[    0.521035] NET: Registered protocol family 1
[    0.522795] pci 0000:00:00.0: Limiting direct PCI/PCI transfers
[    0.525128] pci 0000:00:01.0: Activating ISA DMA hang workarounds
[    0.527523] pci 0000:00:02.0: Video device with shadowed ROM at [mem 0x000c0000-0x000dffff]
[    0.530932] Unpacking initramfs...
[    1.186247] Freeing initrd memory: 20388K
[    1.187986] clocksource: tsc: mask: 0xffffffffffffffff max_cycles: 0x2f75b044733, max_idle_ns: 440795268676 ns
[    1.191470] platform rtc_cmos: registered platform RTC device (no PNP device found)
[    1.194080] Scanning for low memory corruption every 60 seconds
[    1.196796] Initialise system trusted keyrings
[    1.198309] Key type blacklist registered
[    1.199755] workingset: timestamp_bits=36 max_order=18 bucket_order=0
[    1.205302] zbud: loaded
[    1.207367] squashfs: version 4.0 (2009/01/31) Phillip Lougher
[    1.209866] fuse init (API version 7.26)
[    1.215153] Key type asymmetric registered
[    1.216605] Asymmetric key parser 'x509' registered
[    1.218263] Block layer SCSI generic (bsg) driver version 0.4 loaded (major 246)
[    1.220875] io scheduler noop registered
[    1.222211] io scheduler deadline registered
[    1.223713] io scheduler cfq registered (default)
[    1.225703] ACPI: AC Adapter [AC] (on-line)
[    1.227201] input: Power Button as /devices/LNXSYSTM:00/LNXPWRBN:00/input/input0
[    1.229834] ACPI: Power Button [PWRF]
[    1.231281] input: Sleep Button as /devices/LNXSYSTM:00/LNXSLPBN:00/input/input1
[    1.233947] ACPI: Sleep Button [SLPF]
[    1.235830] Serial: 8250/16550 driver, 32 ports, IRQ sharing enabled
[    1.259492] 00:02: ttyS0 at I/O 0x3f8 (irq = 4, base_baud = 115200) is a 16550A
[    1.265313] Linux agpgart interface v0.103
[    1.268568] loop: module loaded
[    1.270785] scsi host0: ata_piix
[    1.272162] scsi host1: ata_piix
[    1.273399] ata1: PATA max UDMA/33 cmd 0x1f0 ctl 0x3f6 bmdma 0xd000 irq 14
[    1.275532] ata2: PATA max UDMA/33 cmd 0x170 ctl 0x376 bmdma 0xd008 irq 15
[    1.277913] libphy: Fixed MDIO Bus: probed
[    1.279533] tun: Universal TUN/TAP device driver, 1.6
[    1.281330] PPP generic driver version 2.4.2
[    1.282857] ehci_hcd: USB 2.0 'Enhanced' Host Controller (EHCI) Driver
[    1.284986] ehci-pci: EHCI PCI platform driver
[    1.286488] ehci-platform: EHCI generic platform driver
[    1.288200] ohci_hcd: USB 1.1 'Open' Host Controller (OHCI) Driver
[    1.290238] ohci-pci: OHCI PCI platform driver
[    1.291721] ohci-platform: OHCI generic platform driver
[    1.293499] uhci_hcd: USB Universal Host Controller Interface driver
[    1.295612] i8042: PNP: PS/2 Controller [PNP0303:PS2K,PNP0f03:PS2M] at 0x60,0x64 irq 1,12
[    1.299192] serio: i8042 KBD port at 0x60,0x64 irq 1
[    1.300957] serio: i8042 AUX port at 0x60,0x64 irq 12
[    1.302804] mousedev: PS/2 mouse device common for all mice
[    1.305502] input: AT Translated Set 2 keyboard as /devices/platform/i8042/serio0/input/input2
[    1.308566] rtc_cmos rtc_cmos: rtc core: registered rtc_cmos as rtc0
[    1.310674] rtc_cmos rtc_cmos: alarms up to one day, 114 bytes nvram
[    1.312697] i2c /dev entries driver
[    1.314006] device-mapper: uevent: version 1.0.3
[    1.315684] device-mapper: ioctl: 4.37.0-ioctl (2017-09-20) initialised: dm-devel@redhat.com
[    1.318560] ledtrig-cpu: registered to indicate activity on CPUs
[    1.320849] NET: Registered protocol family 10
[    1.328461] Segment Routing with IPv6
[    1.329971] NET: Registered protocol family 17
[    1.331591] Key type dns_resolver registered
[    1.333352] mce: Using 0 MCE banks
[    1.334569] RAS: Correctable Errors collector initialized.
[    1.336416] sched_clock: Marking stable (1333321010, 0)->(1758826405, -425505395)
[    1.339533] registered taskstats version 1
[    1.341037] Loading compiled-in X.509 certificates
[    1.347003] Loaded X.509 cert 'Build time autogenerated kernel key: 369b16149153afe509b010c5493c788cd1d7da9f'
[    1.352315] Loaded X.509 cert 'Canonical Ltd. Live Patch Signing: 14df34d1a87cf37625abec039ef2bf521249b969'
[    1.358445] Loaded X.509 cert 'Canonical Ltd. Kernel Module Signing: 88f752e560a1e0737e31163a466ad7b70a850c19'
[    1.362830] zswap: loaded using pool lzo/zbud
[    1.372518] Key type big_key registered
[    1.374264] Key type trusted registered
[    1.380449] Key type encrypted registered
[    1.382312] AppArmor: AppArmor sha1 policy hashing enabled
[    1.384710] ima: No TPM chip found, activating TPM-bypass! (rc=-19)
[    1.387173] ima: Allocated hash algorithm: sha1
[    1.389162] evm: HMAC attrs: 0x1
[    1.390994]   Magic number: 1:62:889
[    1.392744] rtc_cmos rtc_cmos: setting system clock to 2021-08-31 13:52:40 UTC (1630417960)
[    1.396366] BIOS EDD facility v0.16 2004-Jun-25, 0 devices found
[    1.399015] EDD information not available.
[    1.470738] Freeing unused kernel image memory: 2448K
[    1.480221] Write protecting the kernel read-only data: 20480k
[    1.483650] Freeing unused kernel image memory: 2008K
[    1.486486] Freeing unused kernel image memory: 1824K
[    1.522196] x86/mm: Checked W+X mappings: passed, no W+X pages found.
[    1.525093] x86/mm: Checking user space page tables
[    1.560267] x86/mm: Checked W+X mappings: passed, no W+X pages found.
Loading, please wait...
starting version 237
[    1.688727] e1000: Intel(R) PRO/1000 Network Driver - version 7.3.21-k8-NAPI
[    1.692041] e1000: Copyright (c) 1999-2006 Intel Corporation.
[    1.694848] Fusion MPT base driver 3.04.20
[    1.696760] Copyright (c) 1999-2008 LSI Corporation
[    1.708016] Fusion MPT SPI Host driver 3.04.20
[    1.938495] input: ImExPS/2 Generic Explorer Mouse as /devices/platform/i8042/serio1/input/input4
[    2.227420] e1000 0000:00:03.0 eth0: (PCI:33MHz:32-bit) 02:c9:26:65:5d:a6
[    2.229659] e1000 0000:00:03.0 eth0: Intel(R) PRO/1000 Network Connection
[    2.236920] e1000 0000:00:03.0 enp0s3: renamed from eth0
[    2.239971] mptbase: ioc0: Initiating bringup
[    3.202607] ioc0: LSI53C1030 A0: Capabilities={Initiator}
[    6.222618] scsi host2: ioc0: LSI53C1030 A0, FwRev=00000000h, Ports=1, MaxQ=256, IRQ=20
[    7.418198] scsi 2:0:0:0: Direct-Access     VBOX     HARDDISK         1.0  PQ: 0 ANSI: 5
[    7.800873] scsi target2:0:0: Beginning Domain Validation
[    7.832557] scsi target2:0:0: Domain Validation skipping write tests
[    7.847761] scsi target2:0:0: Ending Domain Validation
[    7.850007] scsi target2:0:0: asynchronous
[    7.852592] scsi 2:0:1:0: Direct-Access     VBOX     HARDDISK         1.0  PQ: 0 ANSI: 5
[    8.793777] scsi target2:0:1: Beginning Domain Validation
[    8.796890] random: fast init done
[    8.799412] scsi target2:0:1: Domain Validation skipping write tests
[    8.802238] scsi target2:0:1: Ending Domain Validation
[    8.804662] scsi target2:0:1: asynchronous
[    8.811092] random: systemd-udevd: uninitialized urandom read (16 bytes read)
[    8.811586] sd 2:0:0:0: [sda] 83886080 512-byte logical blocks: (42.9 GB/40.0 GiB)
[    8.824854] random: systemd-udevd: uninitialized urandom read (16 bytes read)
[    8.828658] sd 2:0:0:0: [sda] Write Protect is off
[    8.828839] sd 2:0:0:0: [sda] Incomplete mode parameter data
[    8.828844] sd 2:0:0:0: [sda] Assuming drive cache: write through
[    8.850666] random: systemd-udevd: uninitialized urandom read (16 bytes read)
[    8.850697] sd 2:0:0:0: Attached scsi generic sg0 type 0
[    8.859834] sd 2:0:1:0: Attached scsi generic sg1 type 0
[    8.859863] sd 2:0:1:0: [sdb] 20480 512-byte logical blocks: (10.5 MB/10.0 MiB)
[    8.863401]  sda: sda1
[    8.866895] sd 2:0:1:0: [sdb] Write Protect is off
[    8.869374] sd 2:0:1:0: [sdb] Incomplete mode parameter data
[    8.870540] sd 2:0:0:0: [sda] Attached SCSI disk
[    8.871833] sd 2:0:1:0: [sdb] Assuming drive cache: write through
[    8.880657] sd 2:0:1:0: [sdb] Attached SCSI disk
Begin: Loading essential drivers ... [   11.120143] raid6: sse2x1   gen()  2092 MB/s
[   11.168063] raid6: sse2x1   xor()  1637 MB/s
[   11.216073] raid6: sse2x2   gen()  6001 MB/s
[   11.264069] raid6: sse2x2   xor()  2560 MB/s
[   11.312069] raid6: sse2x4   gen()  5936 MB/s
[   11.360065] raid6: sse2x4   xor()  3556 MB/s
[   11.361767] raid6: using algorithm sse2x2 gen() 6001 MB/s
[   11.363667] raid6: .... xor() 2560 MB/s, rmw enabled
[   11.365400] raid6: using ssse3x2 recovery algorithm
[   11.368758] xor: automatically using best checksumming function   avx       
[   11.372709] async_tx: api initialized (async)
done.
Begin: Running /scripts/init-premount ... done.
Begin: Mounting root file system ... Begin: Running /scripts/local-top ... done.
Begin: Running /scripts/local-premount ... [   11.495387] Btrfs loaded, crc32c=crc32c-intel
Scanning for Btrfs filesystems
done.
Begin: Will now check root file system ... fsck from util-linux 2.31.1
[/sbin/fsck.ext4 (1) -- /dev/sda1] fsck.ext4 -a -C0 /dev/sda1 
cloudimg-rootfs: recovering journal
cloudimg-rootfs: Clearing orphaned inode 2087 (uid=0, gid=0, mode=0100644, size=536648)
cloudimg-rootfs: Clearing orphaned inode 2021 (uid=0, gid=0, mode=0100755, size=219272)
cloudimg-rootfs: Clearing orphaned inode 2003 (uid=0, gid=0, mode=0100644, size=2367728)
cloudimg-rootfs: Clearing orphaned inode 2164 (uid=0, gid=0, mode=0100644, size=253944)
cloudimg-rootfs: Clearing orphaned inode 2191 (uid=0, gid=0, mode=0100644, size=121016)
cloudimg-rootfs: clean, 107105/5120000 files, 734019/10485499 blocks
done.
[   11.676625] EXT4-fs (sda1): mounted filesystem with ordered data mode. Opts: (null)
done.
Begin: Running /scripts/local-bottom ... done.
Begin: Running /scripts/init-bottom ... done.
[   11.972477] ip_tables: (C) 2000-2006 Netfilter Core Team
[   11.988937] systemd[1]: systemd 237 running in system mode. (+PAM +AUDIT +SELINUX +IMA +APPARMOR +SMACK +SYSVINIT +UTMP +LIBCRYPTSETUP +GCRYPT +GNUTLS +ACL +XZ +LZ4 +SECCOMP +BLKID +ELFUTILS +KMOD -IDN2 +IDN -PCRE2 default-hierarchy=hybrid)
[   11.997787] systemd[1]: Detected virtualization oracle.
[   12.000238] systemd[1]: Detected architecture x86-64.

Welcome to [1mUbuntu 18.04.5 LTS[0m!

[   12.011151] systemd[1]: Set hostname to <ubuntu-bionic>.
[   12.447560] systemd[1]: Reached target Swap.
[[0;32m  OK  [0m] Reached target Swap.
[   12.450667] systemd[1]: Reached target System Time Synchronized.
[[0;32m  OK  [0m] Reached target System Time Synchronized.
[   12.454668] systemd[1]: Started Forward Password Requests to Wall Directory Watch.
[[0;32m  OK  [0m] Started Forward Password Requests to Wall Directory Watch.
[   12.460132] systemd[1]: Set up automount Arbitrary Executable File Formats File System Automount Point.
[[0;32m  OK  [0m] Set up automount Arbitrary Executab…rmats File System Automount Point.
[   12.466259] systemd[1]: Reached target User and Group Name Lookups.
[[0;32m  OK  [0m] Reached target User and Group Name Lookups.
[   12.473188] systemd[1]: Created slice System Slice.
[[0;32m  OK  [0m] Created slice System Slice.
[[0;32m  OK  [0m] Listening on Journal Socket.
         Starting Uncomplicated firewall...
         Starting Create list of required st…ce nodes for the current kernel...
[[0;32m  OK  [0m] Listening on fsck to fsckd communication Socket.
         Starting Load Kernel Modules...
[[0;32m  OK  [0m] Listening on Journal Socket (/dev/log).
[[0;32m  OK  [0m] Listening on LVM2 poll daemon socket.
         Starting Set the console keyboard layout...
[[0;32m  OK  [0m] Listening on /dev/initctl Compatibility Named Pipe.
[[0;32m  OK  [0m] Listening on Device-mapper event daemon FIFOs.
         Starting Remount Root and Kernel File Systems...
         Mounting POSIX Message Queue File System...
[[0;32m  OK  [0m] Listening on Network Service Netlink Socket.
[[0;32m  OK  [0m] Listening on udev Control Socket.
[[0;32m  OK  [0m] Listening on Syslog Socket.
[[0;32m  OK  [0m] Listening on LVM2 metadata daemon socket.
         Starting Monitoring of LVM2 mirrors…ng dmeventd or progress polling...
         Mounting Kernel Debug File System...
[[0;32m  OK  [0m] Listening on udev Kernel Socket.
[[0;32m  OK  [0m] Created slice User and Session Slice.
[[   12.588919] Loading iSCSI transport class v2.0-870.
[0;32m  OK  [0m] Reached target Slices.
         Mounting Huge Pages File System...
         Starting udev Coldplug all Devices...
[[0;32m  OK  [0m] Listening on Journal Audit Socket.
         Starting Journal Service...
[[0;32m  OK  [0m] Created slice system-serial\x2dgetty.slice.
[[0;32m  OK  [0m] Started Uncomplicated firewall.
[[0;32m  OK  [0m] Started Create list of required sta…vice nodes for the current kernel.
[[0;32m  OK  [0m] Mounted POSIX Message Queue File System.
[[0;32m  OK  [0m] Mounted Kernel Debug File System.
[[0;32m  OK  [0m] Mounted Huge Pages File System.
         Starting Create Static Device Nodes in /dev...
[[0;32m  OK  [[   12.665896] EXT4-fs (sda1): re-mounted. Opts: (null)
0m] Started LVM2 metadata daemon.
[[0;32m  OK  [0m] Started Remount Root and Kernel File Systems.
         Starting Load/Save Random Seed...
[   12.744233] iscsi: registered transport (tcp)
[[0;32m  OK  [0m] Started udev Coldplug all Devices.
[[0;32m  OK  [0m] Started Journal Service.
         Starting Flush Journal to Persistent Storage...
[[0;32m  OK  [0m] Started Create Static Device Nodes in /dev.
         Starting udev Kernel Device Manager...
[   12.810169] systemd-journald[395]: Received request to flush runtime journal from PID 1
[   12.831280] iscsi: registered transport (iser)
[[0;32m  OK  [0m] Started Load Kernel Modules.
         Mounting FUSE Control File System...
         Starting Apply Kernel Variables...
         Mounting Kernel Configuration File System...
[[0;32m  OK  [0m] Started Load/Save Random Seed.
[[0;32m  OK  [0m] Mounted FUSE Control File System.
[[0;32m  OK  [0m] Mounted Kernel Configuration File System.
[[0;32m  OK  [0m] Started Monitoring of LVM2 mirrors,…sing dmeventd or progress polling.
[[0;32m  OK  [0m] Started udev Kernel Device Manager.
[[0;32m  OK  [0m] Started Apply Kernel Variables.
[[0;32m  OK  [0m] Started Set the console keyboard layout.
[[0;32m  OK  [0m] Started Dispatch Password Requests to Console Directory Watch.
[[0;32m  OK  [0m] Reached target Local Encrypted Volumes.
[[0;32m  OK  [0m] Reached target Local File Systems (Pre).
[[0;32m  OK  [0m] Reached target Local File Systems.
         Starting Set console font and keymap...
         Starting Tell Plymouth To Write Out Runtime Data...
         Starting AppArmor initialization...
         Starting ebtables ruleset management...
[[0;32m  OK  [0m] Started Flush Journal to Persistent Storage.
[[0;32m  OK  [0m] Started Set console font and keymap.
         Starting Create Volatile Files and Directories...
[[0;32m  OK  [0m] Started Tell Plymouth To Write Out Runtime Data.
[[0;32m  OK  [0m] Started Create Volatile Files and Directories.
         Starting Update UTMP about System Boot/Shutdown...
[[0;32m  OK  [0m] Started Update UTMP about System Boot/Shutdown.
[[0;32m  OK  [0m] Started ebtables ruleset management.
[[0;32m  OK  [0m] Started AppArmor initialization.
         Starting Load AppArmor profiles managed internally by snapd...
         Starting Initial cloud-init job (pre-networking)...
[[0;32m  OK  [0m] Started Load AppArmor profiles managed internally by snapd.
[[0;32m  OK  [0m] Found device /dev/ttyS0.
[[0;32m  OK  [0m] Listening on Load/Save RF Kill Switch Status /dev/rfkill Watch.
[   15.823821] cloud-init[498]: Cloud-init v. 21.2-3-g899bfaa9-0ubuntu2~18.04.1 running 'init-local' at Tue, 31 Aug 2021 13:52:54 +0000. Up 15.42 seconds.
[[0;32m  OK  [0m] Started Initial cloud-init job (pre-networking).
[[0;32m  OK  [0m] Reached target Network (Pre).
         Starting Network Service...
[[0;32m  OK  [0m] Started Network Service.
         Starting Network Name Resolution...
         Starting Wait for Network to be Configured...
[[0;32m  OK  [0m] Started Network Name Resolution.
[[0;32m  OK  [0m] Reached target Host and Network Name Lookups.
[[0;32m  OK  [0m] Reached target Network.
[[0;32m  OK  [0m] Started Wait for Network to be Configured.
         Starting Initial cloud-init job (metadata service crawler)...
[   18.700492] cloud-init[648]: Cloud-init v. 21.2-3-g899bfaa9-0ubuntu2~18.04.1 running 'init' at Tue, 31 Aug 2021 13:52:57 +0000. Up 18.25 seconds.
[   18.704616] cloud-init[648]: ci-info: ++++++++++++++++++++++++++++++++++++++Net device info++++++++++++++++++++++++++++++++++++++
[   18.707947] cloud-init[648]: ci-info: +--------+------+----------------------------+---------------+--------+-------------------+
[   18.710898] cloud-init[648]: ci-info: | Device |  Up  |          Address           |      Mask     | Scope  |     Hw-Address    |
[   18.714116] cloud-init[648]: ci-info: +--------+------+----------------------------+---------------+--------+-------------------+
[   18.717256] cloud-init[648]: ci-info: | enp0s3 | True |         10.0.2.15          | 255.255.255.0 | global | 02:c9:26:65:5d:a6 |
[   18.720337] cloud-init[648]: ci-info: | enp0s3 | True | fe80::c9:26ff:fe65:5da6/64 |       .       |  link  | 02:c9:26:65:5d:a6 |
[   18.724581] cloud-init[648]: ci-info: |   lo   | True |         127.0.0.1          |   255.0.0.0   |  host  |         .         |
[   18.740373] cloud-init[648]: ci-info: |   lo   | True |          ::1/128           |       .       |  host  |         .         |
[   18.756974] cloud-init[648]: ci-info: +--------+------+----------------------------+---------------+--------+-------------------+
[   18.760515] cloud-init[648]: ci-info: ++++++++++++++++++++++++++++Route IPv4 info+++++++++++++++++++++++++++++
[   18.763391] cloud-init[648]: ci-info: +-------+-------------+----------+-----------------+-----------+-------+
[   18.766256] cloud-init[648]: ci-info: | Route | Destination | Gateway  |     Genmask     | Interface | Flags |
[   18.769016] cloud-init[648]: ci-info: +-------+-------------+----------+-----------------+-----------+-------+
[   18.784758] cloud-init[648]: ci-info: |   0   |   0.0.0.0   | 10.0.2.2 |     0.0.0.0     |   enp0s3  |   UG  |
[   18.787596] cloud-init[648]: ci-info: |   1   |   10.0.2.0  | 0.0.0.0  |  255.255.255.0  |   enp0s3  |   U   |
[   18.801392] cloud-init[648]: ci-info: |   2   |   10.0.2.2  | 0.0.0.0  | 255.255.255.255 |   enp0s3  |   UH  |
[   18.804442] cloud-init[648]: ci-info: +-------+-------------+----------+-----------------+-----------+-------+
[   18.807400] cloud-init[648]: ci-info: +++++++++++++++++++Route IPv6 info+++++++++++++++++++
[   18.809814] cloud-init[648]: ci-info: +-------+-------------+---------+-----------+-------+
[   18.812409] cloud-init[648]: ci-info: | Route | Destination | Gateway | Interface | Flags |
[   18.815079] cloud-init[648]: ci-info: +-------+-------------+---------+-----------+-------+
[   18.817892] cloud-init[648]: ci-info: |   1   |  fe80::/64  |    ::   |   enp0s3  |   U   |
[   18.820462] cloud-init[648]: ci-info: |   3   |    local    |    ::   |   enp0s3  |   U   |
[   18.822588] cloud-init[648]: ci-info: |   4   |   ff00::/8  |    ::   |   enp0s3  |   U   |
[   18.824957] cloud-init[648]: ci-info: +-------+-------------+---------+-----------+-------+
[[0;32m  OK  [0m] Started Initial cloud-init job (metadata service crawler).
[[0;32m  OK  [0m] Reached target Network is Online.
[[0;32m  OK  [0m] Reached target Remote File Systems (Pre).
         Starting Availability of block devices...
         Mounting /vagrant...
[[0;32m  OK  [0m] Reached target Cloud-config availability.
[[0;32m  OK  [0m] Reached target System Initialization.
         Starting LXD - unix socket.
[[0;32m  OK  [0m] Listening on ACPID Listen Socket.
[[0;32m  OK  [0m] Started Discard unused blocks once a week.
[[0;32m  OK  [0m] Started Message of the Day.
[[0;32m  OK  [0m] Listening on Open-iSCSI iscsid Socket.
[[0;32m  OK  [0m] Started ACPI Events Check.
[[0;32m  OK  [0m] Reached target Paths.
[[0;32m  OK  [0m] Listening on UUID daemon activation socket.
[[0;32m  OK  [0m] Started Ubuntu Advantage update messaging.
         Starting Socket activation for snappy daemon.
[[0;32m  OK  [0m] Started Daily apt upgrade and clean activities.
[[0;32m  OK  [0m] Listening on D-Bus System Message Bus Socket.
[[0;32m  OK  [0m] Started Daily Cleanup of Temporary Directories.
[[0;32m  OK  [0m] Reached target Timers.
[[0;32m  OK  [0m] Started Availability of block devices.
[[0;32m  OK  [0m] Mounted /vagrant.
[[0;32m  OK  [0m] Listening on LXD - unix socket.
[[0;32m  OK  [0m] Listening on Socket activation for snappy daemon.
[[0;32m  OK  [0m] Reached target Sockets.
[[0;32m  OK  [0m] Reached target Basic System.
[[0;32m  OK  [0m] Started FUSE filesystem for LXC.
[[0;32m  OK  [0m] Started irqbalance daemon.
         Starting Accounts Service...
         Starting Dispatcher daemon for systemd-networkd...
[[0;32m  OK  [0m] Started Regular background program processing daemon.
[[0;32m  OK  [0m] Started D-Bus System Message Bus.
         Starting LSB: Record successful boot for GRUB...
[[0;32m  OK  [0m] Started Deferred execution scheduler.
         Starting System Logging Service...
         Starting Virtualbox guest utils...
         Starting Snap Daemon...
         Starting OpenBSD Secure Shell server...
         Starting Login Service...
         Starting LXD - container startup/shutdown...
[[0;32m  OK  [0m] Reached target Remote File Systems.
         Starting Permit User Sessions...
         Starting LSB: automatic crash report generation...
[[0;32m  OK  [0m] Started System Logging Service.
[[0;32m  OK  [0m] Started Permit User Sessions.
         Starting Terminate Plymouth Boot Screen...
         Starting Hold until boot process finishes up...
         Starting Authorization Manager...
[[0;32m  OK  [0m] Started Hold until boot process finishes up.
[[0;32m  OK  [0m] Started Terminate Plymouth Boot Screen.
[[0;32m  OK  [0m] Started Login Service.
[[0;32m  OK  [0m] Started Unattended Upgrades Shutdown.
[[0;32m  OK  [0m] Started Serial Getty on ttyS0.
         Starting Set console scheme...
[[0;32m  OK  [0m] Started OpenBSD Secure Shell server.
[[0;32m  OK  [0m] Started Set console scheme.
[[0;32m  OK  [0m] Created slice system-getty.slice.
[[0;32m  OK  [0m] Started Getty on tty1.
[[0;32m  OK  [0m] Reached target Login Prompts.
[[0;32m  OK  [0m] Started LSB: automatic crash report generation.
[[0;32m  OK  [0m] Started LSB: Record successful boot for GRUB.
[[0;32m  OK  [0m] Started Authorization Manager.
[[0;32m  OK  [0m] Started Accounts Service.
[[0;32m  OK  [0m] Started Virtualbox guest utils.
[[0;32m  OK  [0m] Started Dispatcher daemon for systemd-networkd.
[[0;32m  OK  [0m] Started LXD - container startup/shutdown.
[[0;32m  OK  [0m] Created slice User Slice of vagrant.
         Starting User Manager for UID 1000...
[[0;32m  OK  [0m] Started Session 1 of user vagrant.
[[0;32m  OK  [0m] Started User Manager for UID 1000.
[[0;32m  OK  [0m] Started Snap Daemon.
         Starting Wait until snapd is fully seeded...
[[0;32m  OK  [0m] Started Wait until snapd is fully seeded.
[[0;32m  OK  [0m] Reached target Multi-User System.
[[0;32m  OK  [0m] Reached target Graphical Interface.
         Starting Update UTMP about System Runlevel Changes...
         Starting Apply the settings specified in cloud-config...
[[0;32m  OK  [0m] Started Update UTMP about System Runlevel Changes.
[   22.775057] cloud-init[1071]: Cloud-init v. 21.2-3-g899bfaa9-0ubuntu2~18.04.1 running 'modules:config' at Tue, 31 Aug 2021 13:53:01 +0000. Up 22.50 seconds.
[[0;32m  OK  [0m] Started Apply the settings specified in cloud-config.
         Starting Execute cloud user/final scripts...
[   24.175331] cloud-init[1140]: Cloud-init v. 21.2-3-g899bfaa9-0ubuntu2~18.04.1 running 'modules:final' at Tue, 31 Aug 2021 13:53:02 +0000. Up 23.86 seconds.
[   24.179224] cloud-init[1140]: Cloud-init v. 21.2-3-g899bfaa9-0ubuntu2~18.04.1 finished at Tue, 31 Aug 2021 13:53:03 +0000. Datasource DataSourceNoCloud [seed=/dev/sdb][dsmode=net].  Up 24.15 seconds
[[0;32m  OK  [0m] Started Execute cloud user/final scripts.
[[0;32m  OK  [0m] Reached target Cloud-init target.

Ubuntu 18.04.5 LTS ubuntu-bionic ttyS0

ubuntu-bionic login: 